[  6] Utilization = 0.14 | pJ/Algorithmic-Compute =   56.366 | pJ/Compute =   56.366 | L5[WIO] P7 Q56 M2 - L4[IO] C32 Q2 P16 M8X - L3[] Q1 S3Y - L2[I] Q1 - L1[W] R3 C2 - L0[O] M8 
[  7] Utilization = 0.29 | pJ/Algorithmic-Compute =  295.799 | pJ/Compute =  295.799 | L5[WIO] P7 Q56 M2 - L4[IO] Q2 P16 C32 M8X - L3[] Q1 C2Y S3Y - L2[I] Q1 - L1[W] R3 - L0[O] M8 
[  7] Utilization = 0.29 | pJ/Algorithmic-Compute =   64.484 | pJ/Compute =   64.484 | L5[WIO] P7 Q56 M2 - L4[IO] Q2 C32 P16 M8X - L3[] Q1 C2Y S3Y - L2[I] Q1 - L1[W] R3 - L0[O] M8 
[  3] Utilization = 0.25 | pJ/Algorithmic-Compute =  103.399 | pJ/Compute =  103.399 | L5[WIO] M4 C2 Q4 P56 - L4[IO] Q4 M8 P2 C8 Q7X - L3[] Q1 M2Y S3Y - L2[I] Q1 - L1[W] R3 C4 - L0[O] M2 
[  7] Utilization = 0.29 | pJ/Algorithmic-Compute =   58.393 | pJ/Compute =   58.393 | L5[WIO] Q56 M2 P7 - L4[IO] C32 P16 Q2 M8X - L3[] Q1 C2Y S3Y - L2[I] Q1 - L1[W] R3 - L0[O] M8 
[  0] Utilization = 0.27 | pJ/Algorithmic-Compute =   89.294 | pJ/Compute =   89.294 | L5[WIO] M4 C2 P14 Q4 - L4[IO] M8 C32 P8 Q4 M2X Q7X - L3[] Q1 M2Y S3Y - L2[I] Q1 - L1[W] R3 - L0[O] Q1 
[  1] Utilization = 0.25 | pJ/Algorithmic-Compute =  103.399 | pJ/Compute =  103.399 | L5[WIO] M4 C2 Q4 P56 - L4[IO] Q4 M8 P2 C16 Q7X - L3[] Q1 M2Y S3Y - L2[I] Q1 - L1[W] R3 C2 - L0[O] M2 
[  7] Utilization = 0.29 | pJ/Algorithmic-Compute =   56.788 | pJ/Compute =   56.788 | L5[WIO] P7 M2 Q56 - L4[IO] C32 Q2 P16 M8X - L3[] Q1 C2Y S3Y - L2[I] Q1 - L1[W] R3 - L0[O] M8 
[  3] Utilization = 0.25 | pJ/Algorithmic-Compute =   80.839 | pJ/Compute =   80.839 | L5[WIO] M4 Q4 P56 C2 - L4[IO] Q4 M8 C8 P2 Q7X - L3[] Q1 M2Y S3Y - L2[I] Q1 - L1[W] R3 C4 - L0[O] M2 
[  4] Utilization = 0.38 | pJ/Algorithmic-Compute =  103.401 | pJ/Compute =  103.401 | L5[WIO] M4 C2 Q4 P56 - L4[IO] Q4 P2 M8 C8 Q7X - L3[] Q1 M2Y C2Y S3Y - L2[I] Q1 - L1[W] R3 C2 - L0[O] M2 
[  5] Utilization = 0.31 | pJ/Algorithmic-Compute =   84.824 | pJ/Compute =   84.824 | L5[WIO] C2 P14 Q4 M4 - L4[IO] C16 P8 M8 Q4 M2X Q7X - L3[] Q1 M2Y S3Y - L2[I] Q1 - L1[W] R3 C2 - L0[O] Q1 
[  1] Utilization = 0.25 | pJ/Algorithmic-Compute =   86.667 | pJ/Compute =   86.667 | L5[WIO] M4 Q4 P56 C2 - L4[IO] Q4 M8 C16 P2 Q7X - L3[] Q1 M2Y S3Y - L2[I] Q1 - L1[W] R3 C2 - L0[O] M2 
[  0] Utilization = 0.38 | pJ/Algorithmic-Compute =  102.831 | pJ/Compute =  102.831 | L5[WIO] P14 Q4 M4 C2 - L4[IO] M8 Q4 P8 C32 M2X Q7X - L3[] Q1 M2Y S3Y - L2[I] Q1 - L1[W] R3 - L0[O] Q1 
Interrupt caught. Mapper threads will terminate after completing any ongoing evaluations.
[  3] Utilization = 0.25 | pJ/Algorithmic-Compute =   78.749 | pJ/Compute =   78.749 | L5[WIO] Q4 C2 P56 M4 - L4[IO] C8 P2 M8 Q4 Q7X - L3[] Q1 M2Y S3Y - L2[I] Q1 - L1[W] R3 C4 - L0[O] M2 
[  3] STATEMENT: global termination flag activated, terminating search.
[  1] Utilization = 0.25 | pJ/Algorithmic-Compute =   84.577 | pJ/Compute =   84.577 | L5[WIO] Q4 C2 P56 M4 - L4[IO] C16 P2 M8 Q4 Q7X - L3[] Q1 M2Y S3Y - L2[I] Q1 - L1[W] R3 C2 - L0[O] M2 
[  1] STATEMENT: global termination flag activated, terminating search.
[  0] Utilization = 0.50 | pJ/Algorithmic-Compute =  102.056 | pJ/Compute =  102.056 | L5[WIO] P14 C2 Q4 M4 - L4[IO] P8 Q4 C32 M8 M2X Q7X - L3[] Q1 M2Y S3Y - L2[I] Q1 - L1[W] R3 - L0[O] Q1 
[  0] STATEMENT: global termination flag activated, terminating search.
[  2] Utilization = 0.36 | pJ/Algorithmic-Compute =   68.912 | pJ/Compute =   68.912 | L5[WIO] M4 C2 P14 Q4 - L4[IO] M8 C4 P8 Q4 M2X Q7X - L3[] Q1 M2Y C2Y S3Y - L2[I] Q1 - L1[W] R3 C4 - L0[O] Q1 
[  2] STATEMENT: global termination flag activated, terminating search.
[  4] Utilization = 0.50 | pJ/Algorithmic-Compute =   83.758 | pJ/Compute =   83.758 | L5[WIO] Q4 P56 C2 M4 - L4[IO] Q4 C8 P2 M8 Q7X - L3[] Q1 M2Y C2Y S3Y - L2[I] Q1 - L1[W] R3 C2 - L0[O] M2 
[  4] STATEMENT: global termination flag activated, terminating search.
[  5] STATEMENT: global termination flag activated, terminating search.
[  6] Utilization = 0.31 | pJ/Algorithmic-Compute =   77.703 | pJ/Compute =   77.703 | L5[WIO] M4 C2 P14 Q4 - L4[IO] M8 C16 P8 Q4 M2X Q7X - L3[] Q1 M2Y C2Y S3Y - L2[I] Q1 - L1[W] R3 - L0[O] Q1 
[  6] STATEMENT: global termination flag activated, terminating search.
[  7] Utilization = 0.35 | pJ/Algorithmic-Compute =   78.996 | pJ/Compute =   78.996 | L5[WIO] C2 P14 Q4 M4 - L4[IO] C8 P8 M8 Q4 M2X Q7X - L3[] Q1 M2Y S3Y - L2[I] Q1 - L1[W] R3 C4 - L0[O] Q1 
[  7] STATEMENT: global termination flag activated, terminating search.
