/mnt/e/dev/athena/athena_tool/external_repos/accelergy/accelergy/ERT_generator.py:67: NumbaWarning: [1m
Compilation is falling back to object mode WITH looplifting enabled because Function "generate_pc_ERT" failed type inference due to: [1m[1mnon-precise type pyobject[0m
[0m[1mDuring: typing of argument at /mnt/e/dev/athena/athena_tool/external_repos/accelergy/accelergy/ERT_generator.py (69)[0m
[1m
File "../../external_repos/accelergy/accelergy/ERT_generator.py", line 69:[0m
[1m    def generate_pc_ERT(self, pc):
[1m        pc_name = pc.get_name()
[0m        [1m^[0m[0m
[0m
  @jit(nopython=False)
/mnt/e/dev/athena/athena_tool/external_repos/accelergy/accelergy/ERT_generator.py:67: NumbaWarning: [1m
Compilation is falling back to object mode WITHOUT looplifting enabled because Function "generate_pc_ERT" failed type inference due to: [1m[1mCannot determine Numba type of <class 'numba.core.dispatcher.LiftedLoop'>[0m
[1m
File "../../external_repos/accelergy/accelergy/ERT_generator.py", line 70:[0m
[1m    def generate_pc_ERT(self, pc):
        <source elided>
        pc_name = pc.get_name()
[1m        for pc_action_obj in pc.get_actions():
[0m        [1m^[0m[0m
[0m[0m
  @jit(nopython=False)
/home/mplagge/miniconda3/envs/athena_dev/lib/python3.9/site-packages/numba/core/object_mode_passes.py:151: NumbaWarning: [1mFunction "generate_pc_ERT" was compiled in object mode without forceobj=True, but has lifted loops.
[1m
File "../../external_repos/accelergy/accelergy/ERT_generator.py", line 69:[0m
[1m    def generate_pc_ERT(self, pc):
[1m        pc_name = pc.get_name()
[0m        [1m^[0m[0m
[0m
  warnings.warn(errors.NumbaWarning(warn_msg,
/home/mplagge/miniconda3/envs/athena_dev/lib/python3.9/site-packages/numba/core/object_mode_passes.py:161: NumbaDeprecationWarning: [1m
Fall-back from the nopython compilation path to the object mode compilation path has been detected, this is deprecated behaviour.

For more information visit https://numba.pydata.org/numba-doc/latest/reference/deprecation.html#deprecation-of-object-mode-fall-back-behaviour-when-using-jit
[1m
File "../../external_repos/accelergy/accelergy/ERT_generator.py", line 69:[0m
[1m    def generate_pc_ERT(self, pc):
[1m        pc_name = pc.get_name()
[0m        [1m^[0m[0m
[0m
  warnings.warn(errors.NumbaDeprecationWarning(msg,
/mnt/e/dev/athena/athena_tool/external_repos/accelergy/accelergy/ERT_generator.py:67: NumbaWarning: [1m
Compilation is falling back to object mode WITHOUT looplifting enabled because Function "generate_pc_ERT" failed type inference due to: [1m[1mnon-precise type pyobject[0m
[0m[1mDuring: typing of argument at /mnt/e/dev/athena/athena_tool/external_repos/accelergy/accelergy/ERT_generator.py (70)[0m
[1m
File "../../external_repos/accelergy/accelergy/ERT_generator.py", line 70:[0m
[1m    def generate_pc_ERT(self, pc):
        <source elided>
        pc_name = pc.get_name()
[1m        for pc_action_obj in pc.get_actions():
[0m        [1m^[0m[0m
[0m
  @jit(nopython=False)
/home/mplagge/miniconda3/envs/athena_dev/lib/python3.9/site-packages/numba/core/object_mode_passes.py:151: NumbaWarning: [1mFunction "generate_pc_ERT" was compiled in object mode without forceobj=True.
[1m
File "../../external_repos/accelergy/accelergy/ERT_generator.py", line 70:[0m
[1m    def generate_pc_ERT(self, pc):
        <source elided>
        pc_name = pc.get_name()
[1m        for pc_action_obj in pc.get_actions():
[0m        [1m^[0m[0m
[0m
  warnings.warn(errors.NumbaWarning(warn_msg,
/home/mplagge/miniconda3/envs/athena_dev/lib/python3.9/site-packages/numba/core/object_mode_passes.py:161: NumbaDeprecationWarning: [1m
Fall-back from the nopython compilation path to the object mode compilation path has been detected, this is deprecated behaviour.

For more information visit https://numba.pydata.org/numba-doc/latest/reference/deprecation.html#deprecation-of-object-mode-fall-back-behaviour-when-using-jit
[1m
File "../../external_repos/accelergy/accelergy/ERT_generator.py", line 70:[0m
[1m    def generate_pc_ERT(self, pc):
        <source elided>
        pc_name = pc.get_name()
[1m        for pc_action_obj in pc.get_actions():
[0m        [1m^[0m[0m
[0m
  warnings.warn(errors.NumbaDeprecationWarning(msg,
/mnt/e/dev/athena/athena_tool/external_repos/accelergy/accelergy/ERT_generator.py:84: NumbaWarning: [1m
Compilation is falling back to object mode WITH looplifting enabled because Function "generat_cc_ERT" failed type inference due to: [1mUntyped global name 'WARN':[0m [1m[1mCannot determine Numba type of <class 'function'>[0m
[1m
File "../../external_repos/accelergy/accelergy/ERT_generator.py", line 105:[0m
[1m    def generat_cc_ERT(self, cc):
        <source elided>
                except:
[1m                    WARN('Cannot find a "%s" estimator for %s'%(primitive_type, cc_name))
[0m                    [1m^[0m[0m
[0m[0m
  @jit(nopython=False)
/home/mplagge/miniconda3/envs/athena_dev/lib/python3.9/site-packages/numba/core/object_mode_passes.py:151: NumbaWarning: [1mFunction "generat_cc_ERT" was compiled in object mode without forceobj=True.
[1m
File "../../external_repos/accelergy/accelergy/ERT_generator.py", line 85:[0m
[1m    @jit(nopython=False)
[1m    def generat_cc_ERT(self, cc):
[0m    [1m^[0m[0m
[0m
  warnings.warn(errors.NumbaWarning(warn_msg,
/home/mplagge/miniconda3/envs/athena_dev/lib/python3.9/site-packages/numba/core/object_mode_passes.py:161: NumbaDeprecationWarning: [1m
Fall-back from the nopython compilation path to the object mode compilation path has been detected, this is deprecated behaviour.

For more information visit https://numba.pydata.org/numba-doc/latest/reference/deprecation.html#deprecation-of-object-mode-fall-back-behaviour-when-using-jit
[1m
File "../../external_repos/accelergy/accelergy/ERT_generator.py", line 85:[0m
[1m    @jit(nopython=False)
[1m    def generat_cc_ERT(self, cc):
[0m    [1m^[0m[0m
[0m
  warnings.warn(errors.NumbaDeprecationWarning(msg,
/mnt/e/dev/athena/athena_tool/external_repos/accelergy/accelergy/ERT_generator.py:325: NumbaWarning: [1m
Compilation is falling back to object mode WITH looplifting enabled because Function "get_actions_energy_min_max_avg_as_list" failed type inference due to: [1mUntyped global name 'OrderedDict':[0m [1m[1mCannot determine Numba type of <class 'type'>[0m
[1m
File "../../external_repos/accelergy/accelergy/ERT_generator.py", line 330:[0m
[1m    def get_actions_energy_min_max_avg_as_list(self):
        <source elided>
            if len(action_info) == 1:
[1m                actions.append(OrderedDict({'name': action_name, 'energy': action_info[0]['energy']}))
[0m                [1m^[0m[0m
[0m[0m
  @jit
/mnt/e/dev/athena/athena_tool/external_repos/accelergy/accelergy/ERT_generator.py:325: NumbaWarning: [1m
Compilation is falling back to object mode WITHOUT looplifting enabled because Function "get_actions_energy_min_max_avg_as_list" failed type inference due to: [1m[1mCannot determine Numba type of <class 'numba.core.dispatcher.LiftedLoop'>[0m
[1m
File "../../external_repos/accelergy/accelergy/ERT_generator.py", line 328:[0m
[1m    def get_actions_energy_min_max_avg_as_list(self):
        <source elided>
        actions = []
[1m        for action_name, action_info in self.action_entries.items():
[0m        [1m^[0m[0m
[0m[0m
  @jit
/home/mplagge/miniconda3/envs/athena_dev/lib/python3.9/site-packages/numba/core/object_mode_passes.py:151: NumbaWarning: [1mFunction "get_actions_energy_min_max_avg_as_list" was compiled in object mode without forceobj=True, but has lifted loops.
[1m
File "../../external_repos/accelergy/accelergy/ERT_generator.py", line 327:[0m
[1m    def get_actions_energy_min_max_avg_as_list(self):
[1m        actions = []
[0m        [1m^[0m[0m
[0m
  warnings.warn(errors.NumbaWarning(warn_msg,
/home/mplagge/miniconda3/envs/athena_dev/lib/python3.9/site-packages/numba/core/object_mode_passes.py:161: NumbaDeprecationWarning: [1m
Fall-back from the nopython compilation path to the object mode compilation path has been detected, this is deprecated behaviour.

For more information visit https://numba.pydata.org/numba-doc/latest/reference/deprecation.html#deprecation-of-object-mode-fall-back-behaviour-when-using-jit
[1m
File "../../external_repos/accelergy/accelergy/ERT_generator.py", line 327:[0m
[1m    def get_actions_energy_min_max_avg_as_list(self):
[1m        actions = []
[0m        [1m^[0m[0m
[0m
  warnings.warn(errors.NumbaDeprecationWarning(msg,
/mnt/e/dev/athena/athena_tool/external_repos/accelergy/accelergy/ERT_generator.py:325: NumbaWarning: [1m
Compilation is falling back to object mode WITHOUT looplifting enabled because Function "get_actions_energy_min_max_avg_as_list" failed type inference due to: [1mUntyped global name 'OrderedDict':[0m [1m[1mCannot determine Numba type of <class 'type'>[0m
[1m
File "../../external_repos/accelergy/accelergy/ERT_generator.py", line 330:[0m
[1m    def get_actions_energy_min_max_avg_as_list(self):
        <source elided>
            if len(action_info) == 1:
[1m                actions.append(OrderedDict({'name': action_name, 'energy': action_info[0]['energy']}))
[0m                [1m^[0m[0m
[0m[0m
  @jit
/home/mplagge/miniconda3/envs/athena_dev/lib/python3.9/site-packages/numba/core/object_mode_passes.py:151: NumbaWarning: [1mFunction "get_actions_energy_min_max_avg_as_list" was compiled in object mode without forceobj=True.
[1m
File "../../external_repos/accelergy/accelergy/ERT_generator.py", line 328:[0m
[1m    def get_actions_energy_min_max_avg_as_list(self):
        <source elided>
        actions = []
[1m        for action_name, action_info in self.action_entries.items():
[0m        [1m^[0m[0m
[0m
  warnings.warn(errors.NumbaWarning(warn_msg,
/home/mplagge/miniconda3/envs/athena_dev/lib/python3.9/site-packages/numba/core/object_mode_passes.py:161: NumbaDeprecationWarning: [1m
Fall-back from the nopython compilation path to the object mode compilation path has been detected, this is deprecated behaviour.

For more information visit https://numba.pydata.org/numba-doc/latest/reference/deprecation.html#deprecation-of-object-mode-fall-back-behaviour-when-using-jit
[1m
File "../../external_repos/accelergy/accelergy/ERT_generator.py", line 328:[0m
[1m    def get_actions_energy_min_max_avg_as_list(self):
        <source elided>
        actions = []
[1m        for action_name, action_info in self.action_entries.items():
[0m        [1m^[0m[0m
[0m
  warnings.warn(errors.NumbaDeprecationWarning(msg,
    _                _                      
   / \   ___ ___ ___| | ___ _ __ __ _ _   _ 
  / _ \ / __/ __/ _ \ |/ _ \ '__/ _` | | | |
 / ___ \ (_| (_|  __/ |  __/ | | (_| | |_| |
/_/   \_\___\___\___|_|\___|_|  \__, |\__, |
                                |___/ |___/ 

Info: generating outputs according to the following specified output flags... 
 Please use the -f flag to update the preference (default to all output files) 
{'ERT': 1, 'ERT_summary': 1, 'ART': 1, 'ART_summary': 1, 'energy_estimation': 1, 'flattened_arch': 1}
Previously generated ERT detected using
Warn: Cannot recognize the top key "architecture_constraints" in file ./constraints/eyeriss_like_arch_constraints.yaml 
Warn: Cannot recognize the top key "mapper" in file ./mapper/mapper.yaml 
Warn: Cannot recognize the top key "problem" in file ../sonos_pim/vgg/vgg_layer3.yaml 
Info: Parsing file ./arch/eyeriss_like-float32.yaml for architecture info 
Info: Parsing file ./arch/components/smartbuffer_RF.yaml for compound_components info 
Info: Parsing file ./arch/components/smartbuffer_SRAM.yaml for compound_components info 
Info: config file located: /home/mplagge/.config/accelergy/accelergy_config.yaml 
config file content: 
 {'estimator_plug_ins': ['/home/mplagge/miniconda3/envs/athena_dev/share/accelergy/estimation_plug_ins', '/home/mplagge/e_dev/athena/athena_tool/src/athena/accelergy-sonos-plug-in', '/home/mplagge/e_dev/athena/athena_tool/external_repos/accelergy-cacti-plug-in', '/home/mplagge/e_dev/athena/athena_tool/external_repos/accelergy-aladdin-plug-in', '/home/mplagge/athena_dev/athena_tool/external_repos/accelergy/share/estimation_plug_ins/dummy_tables'], 'primitive_components': ['/home/mplagge/miniconda3/envs/athena_dev/share/accelergy/primitive_component_libs'], 'table_plug_ins': {'roots': ['/home/mplagge/miniconda3/envs/athena_dev/share/accelergy/estimation_plug_ins/accelergy-table-based-plug-ins/set_of_table_templates', '/home/mplagge/e_dev/athena/athena_tool/accelergy_architectures/sonos_pim/PIM_estimation_tables/32nm_data', '/home/mplagge/e_dev/athena/athena_tool/accelergy_architectures/sonos_pim/PIM_estimation_tables/sonos_data', '/home/mplagge/e_dev/athena/athena_tool/accelergy_architectures/sonos_pim/PIM_estimation_tables/memristor_data']}, 'version': 0.3}
Info: primitive component file parsed:  /home/mplagge/miniconda3/envs/athena_dev/share/accelergy/primitive_component_libs/pim_primitive_component.lib.yaml 
Info: primitive component file parsed:  /home/mplagge/miniconda3/envs/athena_dev/share/accelergy/primitive_component_libs/primitive_component.lib.yaml 
Info: primitive component file parsed:  /home/mplagge/miniconda3/envs/athena_dev/share/accelergy/primitive_component_libs/primitive_sonos.lib.yaml 
Info: primitive component file parsed:  /home/mplagge/miniconda3/envs/athena_dev/share/accelergy/primitive_component_libs/soc_primitives.lib.yaml 
Info: estimator plug-in identified by:  /home/mplagge/miniconda3/envs/athena_dev/share/accelergy/estimation_plug_ins/accelergy-table-based-plug-ins/table.estimator.yaml 
Info: estimator plug-in identified by:  /home/mplagge/e_dev/athena/athena_tool/src/athena/accelergy-sonos-plug-in/sonos.estimator.yaml 
Init complete. Took 1944549400 
Elapsed time: 1.9446 seconds
Info: estimator plug-in identified by:  /home/mplagge/e_dev/athena/athena_tool/external_repos/accelergy-cacti-plug-in/cacti.estimator.yaml 
Info: estimator plug-in identified by:  /home/mplagge/e_dev/athena/athena_tool/external_repos/accelergy-aladdin-plug-in/aladdin.estimator.yaml 
Info: estimator plug-in identified by:  /home/mplagge/athena_dev/athena_tool/external_repos/accelergy/share/estimation_plug_ins/dummy_tables/dummy.estimator.yaml 
Warn: No action counts are specified as yaml input 
Info: flattened architecture is saved to: ./timeloop-mapper.flattened_architecture.yaml 
Info: energy reference table is saved to: ./timeloop-mapper.ERT.yaml 
Info: energy reference table summary is saved to: ./timeloop-mapper.ERT_summary.yaml 
Warn: no runtime energy estimations are generated... not generating energy_estimation.yaml 
Info: area reference table is saved to: ./timeloop-mapper.ART.yaml 
Info: area reference table summary is saved to: ./timeloop-mapper.ART_summary.yaml 
Elapsed time: 4.8500 seconds
