Performing C SOURCE FILE Test CMAKE_HAVE_LIBC_PTHREAD failed with the following output:
Change Dir: /mnt/e/dev/athena/athena_tool/external_repos/timeloop/cmake-build-relwithdebinfo/CMakeFiles/CMakeTmp

Run Build Command(s):/usr/bin/make cmTC_f98ea/fast && /usr/bin/make -f CMakeFiles/cmTC_f98ea.dir/build.make CMakeFiles/cmTC_f98ea.dir/build
make[1]: Entering directory '/mnt/e/dev/athena/athena_tool/external_repos/timeloop/cmake-build-relwithdebinfo/CMakeFiles/CMakeTmp'
Building C object CMakeFiles/cmTC_f98ea.dir/src.c.o
/usr/bin/cc   -DCMAKE_HAVE_LIBC_PTHREAD   -o CMakeFiles/cmTC_f98ea.dir/src.c.o   -c /mnt/e/dev/athena/athena_tool/external_repos/timeloop/cmake-build-relwithdebinfo/CMakeFiles/CMakeTmp/src.c
Linking C executable cmTC_f98ea
/usr/bin/cmake -E cmake_link_script CMakeFiles/cmTC_f98ea.dir/link.txt --verbose=1
/usr/bin/cc  -DCMAKE_HAVE_LIBC_PTHREAD    CMakeFiles/cmTC_f98ea.dir/src.c.o  -o cmTC_f98ea 
/usr/bin/ld: CMakeFiles/cmTC_f98ea.dir/src.c.o: in function `main':
src.c:(.text+0x35): undefined reference to `pthread_create'
/usr/bin/ld: src.c:(.text+0x41): undefined reference to `pthread_detach'
/usr/bin/ld: src.c:(.text+0x53): undefined reference to `pthread_join'
clang: error: linker command failed with exit code 1 (use -v to see invocation)
make[1]: *** [CMakeFiles/cmTC_f98ea.dir/build.make:87: cmTC_f98ea] Error 1
make[1]: Leaving directory '/mnt/e/dev/athena/athena_tool/external_repos/timeloop/cmake-build-relwithdebinfo/CMakeFiles/CMakeTmp'
make: *** [Makefile:121: cmTC_f98ea/fast] Error 2


Source file was:
#include <pthread.h>

void* test_func(void* data)
{
  return data;
}

int main(void)
{
  pthread_t thread;
  pthread_create(&thread, NULL, test_func, NULL);
  pthread_detach(thread);
  pthread_join(thread, NULL);
  pthread_atfork(NULL, NULL, NULL);
  pthread_exit(NULL);

  return 0;
}

