    _                _                      
   / \   ___ ___ ___| | ___ _ __ __ _ _   _ 
  / _ \ / __/ __/ _ \ |/ _ \ '__/ _` | | | |
 / ___ \ (_| (_|  __/ |  __/ | | (_| | |_| |
/_/   \_\___\___\___|_|\___|_|  \__, |\__, |
                                |___/ |___/ 

Info: generating outputs according to the following specified output flags... 
 Please use the -f flag to update the preference (default to all output files) 
{'ERT': 1, 'ERT_summary': 1, 'ART': 1, 'ART_summary': 1, 'energy_estimation': 1, 'flattened_arch': 1}
Previously generated ERT detected using pre-computed values. Delete ERT file to enable re-compute.
File at:timeloop-mapper.ERT.yaml
Previously generated ART detected using pre-computed values. Delete ART file to enable re-compute.
File at:timeloop-mapper.ART.yaml
Warn: Cannot recognize the top key "mapper" in file /home/mplagge/ath_copy/athena_tool/athena_tool/accelergy_architectures/sonos_pim/mapper/mapper.yaml 
Warn: Cannot recognize the top key "architecture_constraints" in file /mnt/e/dev/timeloop-accelergy-exercises/workspace/exercises/2020.ispass/timeloop+accelergy/constraints/eyeriss_like_arch_constraints.yaml 
Warn: Cannot recognize the top key "mapspace_constraints" in file /mnt/e/dev/timeloop-accelergy-exercises/workspace/exercises/2020.ispass/timeloop+accelergy/constraints/eyeriss_like_map_constraints.yaml 
Warn: Cannot recognize the top key "problem" in file vgg_layer16.yaml 
Info: Parsing file /mnt/e/dev/timeloop-accelergy-exercises/workspace/exercises/2020.ispass/timeloop+accelergy/arch/eyeriss_like-int16.yaml for architecture info 
Info: Parsing file /mnt/e/dev/timeloop-accelergy-exercises/workspace/exercises/2020.ispass/timeloop+accelergy/arch/components/smartbuffer_RF.yaml for compound_components info 
Info: Parsing file /mnt/e/dev/timeloop-accelergy-exercises/workspace/exercises/2020.ispass/timeloop+accelergy/arch/components/smartbuffer_SRAM.yaml for compound_components info 
Info: Parsing file /mnt/e/dev/athena/athena_tool/accelergy_architectures/sonos_pim/vgg/timeloop-mapper.ERT.yaml for ERT info 
Info: config file located: /home/mplagge/.config/accelergy/accelergy_config.yaml 
config file content: 
 {'estimator_plug_ins': ['/home/mplagge/miniconda3/envs/athena_dev/share/accelergy/estimation_plug_ins', '/home/mplagge/e_dev/athena/athena_tool/src/athena/accelergy-sonos-plug-in', '/home/mplagge/e_dev/athena/athena_tool/external_repos/accelergy-cacti-plug-in', '/home/mplagge/e_dev/athena/athena_tool/external_repos/accelergy-aladdin-plug-in', '/home/mplagge/athena_dev/athena_tool/external_repos/accelergy/share/estimation_plug_ins/dummy_tables'], 'primitive_components': ['/home/mplagge/miniconda3/envs/athena_dev/share/accelergy/primitive_component_libs'], 'table_plug_ins': {'roots': ['/home/mplagge/miniconda3/envs/athena_dev/share/accelergy/estimation_plug_ins/accelergy-table-based-plug-ins/set_of_table_templates', '/home/mplagge/e_dev/athena/athena_tool/accelergy_architectures/sonos_pim/PIM_estimation_tables/32nm_data', '/home/mplagge/e_dev/athena/athena_tool/accelergy_architectures/sonos_pim/PIM_estimation_tables/sonos_data', '/home/mplagge/e_dev/athena/athena_tool/accelergy_architectures/sonos_pim/PIM_estimation_tables/memristor_data']}, 'version': 0.3}
Info: primitive component file parsed:  /home/mplagge/miniconda3/envs/athena_dev/share/accelergy/primitive_component_libs/pim_primitive_component.lib.yaml 
Info: primitive component file parsed:  /home/mplagge/miniconda3/envs/athena_dev/share/accelergy/primitive_component_libs/primitive_component.lib.yaml 
Info: primitive component file parsed:  /home/mplagge/miniconda3/envs/athena_dev/share/accelergy/primitive_component_libs/primitive_sonos.lib.yaml 
Info: primitive component file parsed:  /home/mplagge/miniconda3/envs/athena_dev/share/accelergy/primitive_component_libs/soc_primitives.lib.yaml 
Warn: No action counts are specified as yaml input 
Info: flattened architecture is saved to: ./timeloop-mapper.flattened_architecture.yaml 
Info: energy reference table is saved to: ./timeloop-mapper.ERT.yaml 
Info: energy reference table summary is saved to: ./timeloop-mapper.ERT_summary.yaml 
Warn: no runtime energy estimations are generated... not generating energy_estimation.yaml 
